{
    "level": "error",
    "logId": "2077668069cd1167e5aedc50ec97154c",
    "timestamp": "Aug-04-2024 15:46:00",
    "appInfo": {
        "proccessId": 39724
    },
    "message": "Unable to start the app!",
    "data": {
        "request": {
            "requestDuration": "."
        },
        "response": {
            "statusCode": 500
        },
        "error": {
            "name": "Internal Server Error",
            "statusCode": 500,
            "message": "connect ECONNREFUSED ::1:27017, connect ECONNREFUSED 127.0.0.1:27017",
            "stackTrace": "MongooseServerSelectionError: connect ECONNREFUSED ::1:27017, connect ECONNREFUSED 127.0.0.1:27017\n    at _handleConnectionErrors (C:\\Data\\Project\\React\\TypeScriptExpressApp\\node_modules\\mongoose\\lib\\connection.js:896:11)\n    at NativeConnection.openUri (C:\\Data\\Project\\React\\TypeScriptExpressApp\\node_modules\\mongoose\\lib\\connection.js:847:11)"
        }
    }
}
{
    "level": "error",
    "logId": "fd72538953718c8df088190732001f5c",
    "timestamp": "Aug-04-2024 15:46:44",
    "appInfo": {
        "proccessId": 38480
    },
    "message": "Unable to start the app!",
    "data": {
        "request": {
            "requestDuration": "."
        },
        "response": {
            "statusCode": 500
        },
        "error": {
            "name": "Internal Server Error",
            "statusCode": 500,
            "message": "connect ECONNREFUSED ::1:27017, connect ECONNREFUSED 127.0.0.1:27017",
            "stackTrace": "MongooseServerSelectionError: connect ECONNREFUSED ::1:27017, connect ECONNREFUSED 127.0.0.1:27017\n    at _handleConnectionErrors (C:\\Data\\Project\\React\\TypeScriptExpressApp\\node_modules\\mongoose\\lib\\connection.js:896:11)\n    at NativeConnection.openUri (C:\\Data\\Project\\React\\TypeScriptExpressApp\\node_modules\\mongoose\\lib\\connection.js:847:11)"
        }
    }
}
{
    "level": "error",
    "logId": "596bd4423e8a61f649e4ee57925d4cd4",
    "timestamp": "Aug-04-2024 15:56:11",
    "appInfo": {
        "proccessId": 33972
    },
    "message": "Unable to start the app!",
    "data": {
        "request": {
            "requestDuration": "."
        },
        "response": {
            "statusCode": 500
        },
        "error": {
            "name": "Internal Server Error",
            "statusCode": 500,
            "message": "connect ECONNREFUSED ::1:27017, connect ECONNREFUSED 127.0.0.1:27017",
            "stackTrace": "MongooseServerSelectionError: connect ECONNREFUSED ::1:27017, connect ECONNREFUSED 127.0.0.1:27017\n    at _handleConnectionErrors (C:\\Data\\Project\\React\\TypeScriptExpressApp\\node_modules\\mongoose\\lib\\connection.js:896:11)\n    at NativeConnection.openUri (C:\\Data\\Project\\React\\TypeScriptExpressApp\\node_modules\\mongoose\\lib\\connection.js:847:11)"
        }
    }
}
{
    "level": "error",
    "logId": "1b6241cf83549d085287ab9ecd5c1e7e",
    "timestamp": "Aug-04-2024 15:58:26",
    "appInfo": {
        "proccessId": 30536
    },
    "message": "Unable to start the app!",
    "data": {
        "request": {
            "requestDuration": "."
        },
        "response": {
            "statusCode": 500
        },
        "error": {
            "name": "Internal Server Error",
            "statusCode": 500,
            "message": "connect ECONNREFUSED ::1:27017, connect ECONNREFUSED 127.0.0.1:27017",
            "stackTrace": "MongooseServerSelectionError: connect ECONNREFUSED ::1:27017, connect ECONNREFUSED 127.0.0.1:27017\n    at _handleConnectionErrors (C:\\Data\\Project\\React\\TypeScriptExpressApp\\node_modules\\mongoose\\lib\\connection.js:896:11)\n    at NativeConnection.openUri (C:\\Data\\Project\\React\\TypeScriptExpressApp\\node_modules\\mongoose\\lib\\connection.js:847:11)"
        }
    }
}
{
    "level": "error",
    "logId": "dddebcde016389f7fb658db4c32dcb76",
    "timestamp": "Aug-04-2024 16:02:43",
    "appInfo": {
        "proccessId": 26264
    },
    "message": "Unable to start the app!",
    "data": {
        "request": {
            "requestDuration": "."
        },
        "response": {
            "statusCode": 500
        },
        "error": {
            "name": "Internal Server Error",
            "statusCode": 500,
            "message": "connect ECONNREFUSED ::1:27017, connect ECONNREFUSED 127.0.0.1:27017",
            "stackTrace": "MongooseServerSelectionError: connect ECONNREFUSED ::1:27017, connect ECONNREFUSED 127.0.0.1:27017\n    at _handleConnectionErrors (C:\\Data\\Project\\React\\TypeScriptExpressApp\\node_modules\\mongoose\\lib\\connection.js:896:11)\n    at NativeConnection.openUri (C:\\Data\\Project\\React\\TypeScriptExpressApp\\node_modules\\mongoose\\lib\\connection.js:847:11)"
        }
    }
}
{
    "level": "error",
    "logId": "052a545cdd9722242b9ebb0c0c2f21b8",
    "timestamp": "Aug-04-2024 16:04:31",
    "appInfo": {
        "proccessId": 36272
    },
    "message": "Unable to start the app!",
    "data": {
        "request": {
            "requestDuration": "."
        },
        "response": {
            "statusCode": 500
        },
        "error": {
            "name": "Internal Server Error",
            "statusCode": 500,
            "message": "connect ECONNREFUSED ::1:27017, connect ECONNREFUSED 127.0.0.1:27017",
            "stackTrace": "MongooseServerSelectionError: connect ECONNREFUSED ::1:27017, connect ECONNREFUSED 127.0.0.1:27017\n    at _handleConnectionErrors (C:\\Data\\Project\\React\\TypeScriptExpressApp\\node_modules\\mongoose\\lib\\connection.js:896:11)\n    at NativeConnection.openUri (C:\\Data\\Project\\React\\TypeScriptExpressApp\\node_modules\\mongoose\\lib\\connection.js:847:11)"
        }
    }
}
{
    "level": "error",
    "logId": "c247c0c165e1b6dcc5563bc72bc674b4",
    "timestamp": "Aug-04-2024 16:07:02",
    "appInfo": {
        "proccessId": 31212
    },
    "message": "Unable to retrieve data from DB!",
    "data": {
        "request": {
            "headers": {
                "host": "localhost:1001",
                "connection": "keep-alive",
                "sec-ch-ua": "\"Not/A)Brand\";v=\"8\", \"Chromium\";v=\"126\", \"Google Chrome\";v=\"126\"",
                "sec-ch-ua-mobile": "?0",
                "user-agent": "Mozilla/5.0 (Windows NT 10.0; Win64; x64) AppleWebKit/537.36 (KHTML, like Gecko) Chrome/126.0.0.0 Safari/537.36",
                "sec-ch-ua-platform": "\"Windows\"",
                "accept": "image/avif,image/webp,image/apng,image/svg+xml,image/*,*/*;q=0.8",
                "sec-fetch-site": "same-origin",
                "sec-fetch-mode": "no-cors",
                "sec-fetch-dest": "image",
                "accept-encoding": "gzip, deflate, br, zstd",
                "accept-language": "en-US,en;q=0.9",
                "cookie": "__clerk_db_jwt=eyJhbGciOiJSUzI1NiIsInR5cCI6IkpXVCJ9.eyJkZXYiOiJkdmJfMmpZOE9RYW9Qb2pQNlZRdTg4WE0zdFZUVGJDIn0.DkV0d3T0kONQNQWUL7y6wVOU-Z_swRwpsK6j_9Zbunz1uFweijIgToOEQttjl9XOwQgzpMm9Z9z0zeo3558LlGXRhJXCVqxj7YTQEzbpgmW8ctjQHLx_pYzODTk_k0mkJZ-aI9UEYb6b6yq3z87gMxd8XXc9WNhP5mMcrj2ChUlSLALH0qfcH07qHITjS9mN98i356NEv6hWJqYg4eGMhRfuE33te1rbHamqZh5pwzOSrtp6BOVIF1ccCyGCE6fH5GctRXZ8MmaUzRJCn6sWmZxf4DR0lGjgP-0XfSvi92osvnPnsAcRzs5XUNtPd2HRSL9IJHKjYKG-868laZVJtg; __session=eyJhbGciOiJSUzI1NiIsImNhdCI6ImNsX0I3ZDRQRDExMUFBQSIsImtpZCI6Imluc18yaldRT2F2N0R4YmpBRHFnVFkwZXJRVFp6RkciLCJ0eXAiOiJKV1QifQ.eyJhenAiOiJodHRwOi8vbG9jYWxob3N0OjMwMDEiLCJleHAiOjE3MjE2MzA4MjIsImlhdCI6MTcyMTYzMDc2MiwiaXNzIjoiaHR0cHM6Ly9nZW50bGUta2luZ2Zpc2gtMzUuY2xlcmsuYWNjb3VudHMuZGV2IiwibmJmIjoxNzIxNjMwNzUyLCJzaWQiOiJzZXNzXzJqWUJJUlk0RXNZa3QxY3JXMWZhU3JIajFvMyIsInN1YiI6InVzZXJfMmpZOTVrMHJQMk5jNDdBbUVZdzJqUzc0dGJEIn0.3YUpclfOMRPjuvTXY4pTwjh1cLMbhA8lINxQ_5F6TXQ0ZttQiDDnSfSuw0VKmcDbz3UfiyFFwQElePcZ8qdmjnG0hlVVAIRSomZPbF8f8oyFkfXtctfG0B3XOqd6V7BF7aKZCjcGXMB_XftnQJkMmi7-IWuVtdMtS6byAAOwaKT-_9WI5n8zmOEoFEk3sUkfFr6qXs69EW52iKkq2M5zSkSs5aBewL8DKFFxfCceNEJQ_wotqbs-BW4E95Y70eYo9fYapksneB10NWGZ8fTHXbYwmlRqM68ZHBdoUFs-SZpBxrcibMyw9cqXZbBpCgwkHnurzG7VgrqE5b8y0Ok-0Q; __client_uat=1721554050; next-auth.callback-url=http%3A%2F%2Flocalhost%3A3000; next-auth.csrf-token=3a3f404bc03267f407934bde9c47596e966cd21f6bd7857ba4ea4de56b87e772%7Cdb9a8897bba66e0df099051ddbd193413fabcf1d46066290334b8240b2e3b981; next-auth.session-token=eyJhbGciOiJkaXIiLCJlbmMiOiJBMjU2R0NNIn0..etO7D576sf5kD46s.0fjvzeTPf3loD3jsoua_k90UMJ7tYak_gABStjTBGKPKX6gzn5U0x38vv4H31z9cZvJgqpZEQXgi07BLXiaPujyUWWhj_cR56Iz2wQZVhwHweiAOWqtykx_8IFss8ZdfuGBx0pxjonu0u7GjuDOhpBCjLXxzbLm7uutf-XBhbpiF57oRl1kpBpmp5S_oYlNvajPXw3RW1NzLpxNNUb_acxf3uhaoDuOcpyLkW8cSUDB7YNbOLhNKtXpQFJXL--r8oeq9FBZl9V-00jw-VVcH9nHbBR31aYsbDiEAZw-KQf64v3B3wisWeprOc9Xclj5cSyMMbRr-3twjknrJAfFQCwfDJKNWQB6JXdOY9E9OJadhBQz8zFlHDBoUwqDAZ3JRxkOWNLOhJGjqICHWE8xDld_coOzDQMRucKmZcK7yPiulxeko2VCPy9WjFku3IrGPvta4121v1QR05BqLWyMSQflezTourKyiZPwuHowMYHKVxmt96EEZKu1KI33JsWSaAaen2pTwRHR3n75J5VHvKY23DuvVJ-6OF3mJS0MYmV6IpgXaAiRuHK3eXbN0erxLRMVQshGj0L7c.rMgMwmUhK7x76QQLRGsRzg"
            },
            "host": "localhost:1001",
            "protocol": "http",
            "baseUrl": "",
            "url": "/favicon.ico",
            "method": "GET",
            "body": {},
            "params": {},
            "query": {},
            "clientIp": "::1",
            "requestDuration": "."
        },
        "response": {
            "headers": {
                "content-security-policy": "default-src 'self';base-uri 'self';font-src 'self' https: data:;form-action 'self';frame-ancestors 'self';img-src 'self' data:;object-src 'none';script-src 'self';script-src-attr 'none';style-src 'self' https: 'unsafe-inline';upgrade-insecure-requests",
                "cross-origin-opener-policy": "same-origin",
                "cross-origin-resource-policy": "cross-origin",
                "origin-agent-cluster": "?1",
                "referrer-policy": "no-referrer",
                "strict-transport-security": "max-age=15552000; includeSubDomains",
                "x-content-type-options": "nosniff",
                "x-dns-prefetch-control": "off",
                "x-download-options": "noopen",
                "x-frame-options": "SAMEORIGIN",
                "x-permitted-cross-domain-policies": "none",
                "x-xss-protection": "0",
                "access-control-allow-origin": "*"
            },
            "statusCode": 404
        },
        "error": {
            "name": "NotFoundError",
            "statusCode": 404,
            "message": "Page not found!",
            "stackTrace": "NotFoundError: Page not found!\n    at new NotFoundException (C:\\Data\\Project\\React\\TypeScriptExpressApp\\server\\shared\\exceptions\\http.exceptions.ts:19:22)\n    at pageNotFoundExceptionHandler (C:\\Data\\Project\\React\\TypeScriptExpressApp\\server\\shared\\middlewares\\page-not-found-exception-handler.middleware.ts:10:9)\n    at Layer.handle [as handle_request] (C:\\Data\\Project\\React\\TypeScriptExpressApp\\node_modules\\express\\lib\\router\\layer.js:95:5)\n    at trim_prefix (C:\\Data\\Project\\React\\TypeScriptExpressApp\\node_modules\\express\\lib\\router\\index.js:328:13)\n    at C:\\Data\\Project\\React\\TypeScriptExpressApp\\node_modules\\express\\lib\\router\\index.js:286:9\n    at param (C:\\Data\\Project\\React\\TypeScriptExpressApp\\node_modules\\express\\lib\\router\\index.js:365:14)\n    at param (C:\\Data\\Project\\React\\TypeScriptExpressApp\\node_modules\\express\\lib\\router\\index.js:376:14)\n    at Function.process_params (C:\\Data\\Project\\React\\TypeScriptExpressApp\\node_modules\\express\\lib\\router\\index.js:421:3)\n    at next (C:\\Data\\Project\\React\\TypeScriptExpressApp\\node_modules\\express\\lib\\router\\index.js:280:10)\n    at jsonParser (C:\\Data\\Project\\React\\TypeScriptExpressApp\\node_modules\\body-parser\\lib\\types\\json.js:113:7)"
        }
    }
}
{
    "level": "error",
    "logId": "c6865f7c74f5242745b64608be243037",
    "timestamp": "Aug-04-2024 16:39:02",
    "appInfo": {
        "proccessId": 23052
    },
    "message": "Uncaught Exception thrown!",
    "data": {
        "request": {
            "requestDuration": "."
        },
        "response": {
            "statusCode": 500
        },
        "error": {
            "name": "Internal Server Error",
            "statusCode": 500,
            "message": "listen EADDRINUSE: address already in use :::1001",
            "stackTrace": "Error: listen EADDRINUSE: address already in use :::1001\n    at Server.setupListenHandle [as _listen2] (node:net:1898:16)\n    at listenInCluster (node:net:1946:12)\n    at Server.listen (node:net:2044:7)\n    at Function.listen (C:\\Data\\Project\\React\\TypeScriptServerExpressApp\\node_modules\\express\\lib\\application.js:635:24)\n    at C:\\Data\\Project\\React\\TypeScriptServerExpressApp\\server\\startup\\init.ts:23:28\n    at Generator.next (<anonymous>)\n    at fulfilled (C:\\Data\\Project\\React\\TypeScriptServerExpressApp\\server\\startup\\init.ts:5:58)\n    at processTicksAndRejections (node:internal/process/task_queues:95:5)"
        }
    }
}
{
    "level": "error",
    "logId": "085e57e4f6980166570cd7f367f8500e",
    "timestamp": "Aug-04-2024 16:39:43",
    "appInfo": {
        "proccessId": 3100
    },
    "message": "Uncaught Exception thrown!",
    "data": {
        "request": {
            "requestDuration": "."
        },
        "response": {
            "statusCode": 500
        },
        "error": {
            "name": "Internal Server Error",
            "statusCode": 500,
            "message": "listen EADDRINUSE: address already in use :::1001",
            "stackTrace": "Error: listen EADDRINUSE: address already in use :::1001\n    at Server.setupListenHandle [as _listen2] (node:net:1898:16)\n    at listenInCluster (node:net:1946:12)\n    at Server.listen (node:net:2044:7)\n    at Function.listen (C:\\Data\\Project\\React\\TypeScriptServerExpressApp\\node_modules\\express\\lib\\application.js:635:24)\n    at C:\\Data\\Project\\React\\TypeScriptServerExpressApp\\server\\startup\\init.ts:23:28\n    at Generator.next (<anonymous>)\n    at fulfilled (C:\\Data\\Project\\React\\TypeScriptServerExpressApp\\server\\startup\\init.ts:5:58)\n    at processTicksAndRejections (node:internal/process/task_queues:95:5)"
        }
    }
}
{
    "level": "error",
    "logId": "c8a8ad8543baccaba0f5d374a1823427",
    "timestamp": "Aug-04-2024 16:56:21",
    "appInfo": {
        "proccessId": 25080
    },
    "message": "Unable to retrieve data from DB!",
    "data": {
        "request": {
            "headers": {
                "host": "localhost:1001",
                "connection": "keep-alive",
                "sec-ch-ua": "\"Not/A)Brand\";v=\"8\", \"Chromium\";v=\"126\", \"Google Chrome\";v=\"126\"",
                "sec-ch-ua-mobile": "?0",
                "sec-ch-ua-platform": "\"Windows\"",
                "upgrade-insecure-requests": "1",
                "user-agent": "Mozilla/5.0 (Windows NT 10.0; Win64; x64) AppleWebKit/537.36 (KHTML, like Gecko) Chrome/126.0.0.0 Safari/537.36",
                "accept": "text/html,application/xhtml+xml,application/xml;q=0.9,image/avif,image/webp,image/apng,*/*;q=0.8,application/signed-exchange;v=b3;q=0.7",
                "sec-fetch-site": "none",
                "sec-fetch-mode": "navigate",
                "sec-fetch-user": "?1",
                "sec-fetch-dest": "document",
                "accept-encoding": "gzip, deflate, br, zstd",
                "accept-language": "en-US,en;q=0.9",
                "cookie": "__clerk_db_jwt=eyJhbGciOiJSUzI1NiIsInR5cCI6IkpXVCJ9.eyJkZXYiOiJkdmJfMmpZOE9RYW9Qb2pQNlZRdTg4WE0zdFZUVGJDIn0.DkV0d3T0kONQNQWUL7y6wVOU-Z_swRwpsK6j_9Zbunz1uFweijIgToOEQttjl9XOwQgzpMm9Z9z0zeo3558LlGXRhJXCVqxj7YTQEzbpgmW8ctjQHLx_pYzODTk_k0mkJZ-aI9UEYb6b6yq3z87gMxd8XXc9WNhP5mMcrj2ChUlSLALH0qfcH07qHITjS9mN98i356NEv6hWJqYg4eGMhRfuE33te1rbHamqZh5pwzOSrtp6BOVIF1ccCyGCE6fH5GctRXZ8MmaUzRJCn6sWmZxf4DR0lGjgP-0XfSvi92osvnPnsAcRzs5XUNtPd2HRSL9IJHKjYKG-868laZVJtg; __session=eyJhbGciOiJSUzI1NiIsImNhdCI6ImNsX0I3ZDRQRDExMUFBQSIsImtpZCI6Imluc18yaldRT2F2N0R4YmpBRHFnVFkwZXJRVFp6RkciLCJ0eXAiOiJKV1QifQ.eyJhenAiOiJodHRwOi8vbG9jYWxob3N0OjMwMDEiLCJleHAiOjE3MjE2MzA4MjIsImlhdCI6MTcyMTYzMDc2MiwiaXNzIjoiaHR0cHM6Ly9nZW50bGUta2luZ2Zpc2gtMzUuY2xlcmsuYWNjb3VudHMuZGV2IiwibmJmIjoxNzIxNjMwNzUyLCJzaWQiOiJzZXNzXzJqWUJJUlk0RXNZa3QxY3JXMWZhU3JIajFvMyIsInN1YiI6InVzZXJfMmpZOTVrMHJQMk5jNDdBbUVZdzJqUzc0dGJEIn0.3YUpclfOMRPjuvTXY4pTwjh1cLMbhA8lINxQ_5F6TXQ0ZttQiDDnSfSuw0VKmcDbz3UfiyFFwQElePcZ8qdmjnG0hlVVAIRSomZPbF8f8oyFkfXtctfG0B3XOqd6V7BF7aKZCjcGXMB_XftnQJkMmi7-IWuVtdMtS6byAAOwaKT-_9WI5n8zmOEoFEk3sUkfFr6qXs69EW52iKkq2M5zSkSs5aBewL8DKFFxfCceNEJQ_wotqbs-BW4E95Y70eYo9fYapksneB10NWGZ8fTHXbYwmlRqM68ZHBdoUFs-SZpBxrcibMyw9cqXZbBpCgwkHnurzG7VgrqE5b8y0Ok-0Q; __client_uat=1721554050; next-auth.callback-url=http%3A%2F%2Flocalhost%3A3000; next-auth.csrf-token=3a3f404bc03267f407934bde9c47596e966cd21f6bd7857ba4ea4de56b87e772%7Cdb9a8897bba66e0df099051ddbd193413fabcf1d46066290334b8240b2e3b981; next-auth.session-token=eyJhbGciOiJkaXIiLCJlbmMiOiJBMjU2R0NNIn0..etO7D576sf5kD46s.0fjvzeTPf3loD3jsoua_k90UMJ7tYak_gABStjTBGKPKX6gzn5U0x38vv4H31z9cZvJgqpZEQXgi07BLXiaPujyUWWhj_cR56Iz2wQZVhwHweiAOWqtykx_8IFss8ZdfuGBx0pxjonu0u7GjuDOhpBCjLXxzbLm7uutf-XBhbpiF57oRl1kpBpmp5S_oYlNvajPXw3RW1NzLpxNNUb_acxf3uhaoDuOcpyLkW8cSUDB7YNbOLhNKtXpQFJXL--r8oeq9FBZl9V-00jw-VVcH9nHbBR31aYsbDiEAZw-KQf64v3B3wisWeprOc9Xclj5cSyMMbRr-3twjknrJAfFQCwfDJKNWQB6JXdOY9E9OJadhBQz8zFlHDBoUwqDAZ3JRxkOWNLOhJGjqICHWE8xDld_coOzDQMRucKmZcK7yPiulxeko2VCPy9WjFku3IrGPvta4121v1QR05BqLWyMSQflezTourKyiZPwuHowMYHKVxmt96EEZKu1KI33JsWSaAaen2pTwRHR3n75J5VHvKY23DuvVJ-6OF3mJS0MYmV6IpgXaAiRuHK3eXbN0erxLRMVQshGj0L7c.rMgMwmUhK7x76QQLRGsRzg"
            },
            "host": "localhost:1001",
            "protocol": "http",
            "baseUrl": "",
            "url": "/_api/mongoose/users",
            "method": "GET",
            "body": {},
            "params": {},
            "query": {},
            "clientIp": "::1",
            "requestDuration": "."
        },
        "response": {
            "headers": {
                "content-security-policy": "default-src 'self';base-uri 'self';font-src 'self' https: data:;form-action 'self';frame-ancestors 'self';img-src 'self' data:;object-src 'none';script-src 'self';script-src-attr 'none';style-src 'self' https: 'unsafe-inline';upgrade-insecure-requests",
                "cross-origin-opener-policy": "same-origin",
                "cross-origin-resource-policy": "cross-origin",
                "origin-agent-cluster": "?1",
                "referrer-policy": "no-referrer",
                "strict-transport-security": "max-age=15552000; includeSubDomains",
                "x-content-type-options": "nosniff",
                "x-dns-prefetch-control": "off",
                "x-download-options": "noopen",
                "x-frame-options": "SAMEORIGIN",
                "x-permitted-cross-domain-policies": "none",
                "x-xss-protection": "0",
                "access-control-allow-origin": "*"
            },
            "statusCode": 404
        },
        "error": {
            "name": "NotFoundError",
            "statusCode": 404,
            "message": "Page not found!",
            "stackTrace": "NotFoundError: Page not found!\n    at new NotFoundException (C:\\Data\\Project\\React\\TypeScriptServerExpressApp\\server\\shared\\exceptions\\http.exceptions.ts:19:22)\n    at pageNotFoundExceptionHandler (C:\\Data\\Project\\React\\TypeScriptServerExpressApp\\server\\shared\\middlewares\\page-not-found-exception-handler.middleware.ts:10:9)\n    at Layer.handle [as handle_request] (C:\\Data\\Project\\React\\TypeScriptServerExpressApp\\node_modules\\express\\lib\\router\\layer.js:95:5)\n    at trim_prefix (C:\\Data\\Project\\React\\TypeScriptServerExpressApp\\node_modules\\express\\lib\\router\\index.js:328:13)\n    at C:\\Data\\Project\\React\\TypeScriptServerExpressApp\\node_modules\\express\\lib\\router\\index.js:286:9\n    at param (C:\\Data\\Project\\React\\TypeScriptServerExpressApp\\node_modules\\express\\lib\\router\\index.js:365:14)\n    at param (C:\\Data\\Project\\React\\TypeScriptServerExpressApp\\node_modules\\express\\lib\\router\\index.js:376:14)\n    at Function.process_params (C:\\Data\\Project\\React\\TypeScriptServerExpressApp\\node_modules\\express\\lib\\router\\index.js:421:3)\n    at next (C:\\Data\\Project\\React\\TypeScriptServerExpressApp\\node_modules\\express\\lib\\router\\index.js:280:10)\n    at C:\\Data\\Project\\React\\TypeScriptServerExpressApp\\node_modules\\express\\lib\\router\\index.js:646:15"
        }
    }
}
{
    "level": "error",
    "logId": "65efe7c4416e86af71badccf81d72f09",
    "timestamp": "Aug-04-2024 16:56:57",
    "appInfo": {
        "proccessId": 25080
    },
    "message": "Unable to retrieve data from DB!",
    "data": {
        "request": {
            "headers": {
                "host": "localhost:1001",
                "connection": "keep-alive",
                "sec-ch-ua": "\"Not/A)Brand\";v=\"8\", \"Chromium\";v=\"126\", \"Google Chrome\";v=\"126\"",
                "sec-ch-ua-mobile": "?0",
                "sec-ch-ua-platform": "\"Windows\"",
                "upgrade-insecure-requests": "1",
                "user-agent": "Mozilla/5.0 (Windows NT 10.0; Win64; x64) AppleWebKit/537.36 (KHTML, like Gecko) Chrome/126.0.0.0 Safari/537.36",
                "accept": "text/html,application/xhtml+xml,application/xml;q=0.9,image/avif,image/webp,image/apng,*/*;q=0.8,application/signed-exchange;v=b3;q=0.7",
                "sec-fetch-site": "none",
                "sec-fetch-mode": "navigate",
                "sec-fetch-user": "?1",
                "sec-fetch-dest": "document",
                "accept-encoding": "gzip, deflate, br, zstd",
                "accept-language": "en-US,en;q=0.9",
                "cookie": "__clerk_db_jwt=eyJhbGciOiJSUzI1NiIsInR5cCI6IkpXVCJ9.eyJkZXYiOiJkdmJfMmpZOE9RYW9Qb2pQNlZRdTg4WE0zdFZUVGJDIn0.DkV0d3T0kONQNQWUL7y6wVOU-Z_swRwpsK6j_9Zbunz1uFweijIgToOEQttjl9XOwQgzpMm9Z9z0zeo3558LlGXRhJXCVqxj7YTQEzbpgmW8ctjQHLx_pYzODTk_k0mkJZ-aI9UEYb6b6yq3z87gMxd8XXc9WNhP5mMcrj2ChUlSLALH0qfcH07qHITjS9mN98i356NEv6hWJqYg4eGMhRfuE33te1rbHamqZh5pwzOSrtp6BOVIF1ccCyGCE6fH5GctRXZ8MmaUzRJCn6sWmZxf4DR0lGjgP-0XfSvi92osvnPnsAcRzs5XUNtPd2HRSL9IJHKjYKG-868laZVJtg; __session=eyJhbGciOiJSUzI1NiIsImNhdCI6ImNsX0I3ZDRQRDExMUFBQSIsImtpZCI6Imluc18yaldRT2F2N0R4YmpBRHFnVFkwZXJRVFp6RkciLCJ0eXAiOiJKV1QifQ.eyJhenAiOiJodHRwOi8vbG9jYWxob3N0OjMwMDEiLCJleHAiOjE3MjE2MzA4MjIsImlhdCI6MTcyMTYzMDc2MiwiaXNzIjoiaHR0cHM6Ly9nZW50bGUta2luZ2Zpc2gtMzUuY2xlcmsuYWNjb3VudHMuZGV2IiwibmJmIjoxNzIxNjMwNzUyLCJzaWQiOiJzZXNzXzJqWUJJUlk0RXNZa3QxY3JXMWZhU3JIajFvMyIsInN1YiI6InVzZXJfMmpZOTVrMHJQMk5jNDdBbUVZdzJqUzc0dGJEIn0.3YUpclfOMRPjuvTXY4pTwjh1cLMbhA8lINxQ_5F6TXQ0ZttQiDDnSfSuw0VKmcDbz3UfiyFFwQElePcZ8qdmjnG0hlVVAIRSomZPbF8f8oyFkfXtctfG0B3XOqd6V7BF7aKZCjcGXMB_XftnQJkMmi7-IWuVtdMtS6byAAOwaKT-_9WI5n8zmOEoFEk3sUkfFr6qXs69EW52iKkq2M5zSkSs5aBewL8DKFFxfCceNEJQ_wotqbs-BW4E95Y70eYo9fYapksneB10NWGZ8fTHXbYwmlRqM68ZHBdoUFs-SZpBxrcibMyw9cqXZbBpCgwkHnurzG7VgrqE5b8y0Ok-0Q; __client_uat=1721554050; next-auth.callback-url=http%3A%2F%2Flocalhost%3A3000; next-auth.csrf-token=3a3f404bc03267f407934bde9c47596e966cd21f6bd7857ba4ea4de56b87e772%7Cdb9a8897bba66e0df099051ddbd193413fabcf1d46066290334b8240b2e3b981; next-auth.session-token=eyJhbGciOiJkaXIiLCJlbmMiOiJBMjU2R0NNIn0..etO7D576sf5kD46s.0fjvzeTPf3loD3jsoua_k90UMJ7tYak_gABStjTBGKPKX6gzn5U0x38vv4H31z9cZvJgqpZEQXgi07BLXiaPujyUWWhj_cR56Iz2wQZVhwHweiAOWqtykx_8IFss8ZdfuGBx0pxjonu0u7GjuDOhpBCjLXxzbLm7uutf-XBhbpiF57oRl1kpBpmp5S_oYlNvajPXw3RW1NzLpxNNUb_acxf3uhaoDuOcpyLkW8cSUDB7YNbOLhNKtXpQFJXL--r8oeq9FBZl9V-00jw-VVcH9nHbBR31aYsbDiEAZw-KQf64v3B3wisWeprOc9Xclj5cSyMMbRr-3twjknrJAfFQCwfDJKNWQB6JXdOY9E9OJadhBQz8zFlHDBoUwqDAZ3JRxkOWNLOhJGjqICHWE8xDld_coOzDQMRucKmZcK7yPiulxeko2VCPy9WjFku3IrGPvta4121v1QR05BqLWyMSQflezTourKyiZPwuHowMYHKVxmt96EEZKu1KI33JsWSaAaen2pTwRHR3n75J5VHvKY23DuvVJ-6OF3mJS0MYmV6IpgXaAiRuHK3eXbN0erxLRMVQshGj0L7c.rMgMwmUhK7x76QQLRGsRzg"
            },
            "host": "localhost:1001",
            "protocol": "http",
            "baseUrl": "",
            "url": "/_api/users",
            "method": "GET",
            "body": {},
            "params": {},
            "query": {},
            "clientIp": "::1",
            "requestDuration": "."
        },
        "response": {
            "headers": {
                "content-security-policy": "default-src 'self';base-uri 'self';font-src 'self' https: data:;form-action 'self';frame-ancestors 'self';img-src 'self' data:;object-src 'none';script-src 'self';script-src-attr 'none';style-src 'self' https: 'unsafe-inline';upgrade-insecure-requests",
                "cross-origin-opener-policy": "same-origin",
                "cross-origin-resource-policy": "cross-origin",
                "origin-agent-cluster": "?1",
                "referrer-policy": "no-referrer",
                "strict-transport-security": "max-age=15552000; includeSubDomains",
                "x-content-type-options": "nosniff",
                "x-dns-prefetch-control": "off",
                "x-download-options": "noopen",
                "x-frame-options": "SAMEORIGIN",
                "x-permitted-cross-domain-policies": "none",
                "x-xss-protection": "0",
                "access-control-allow-origin": "*"
            },
            "statusCode": 404
        },
        "error": {
            "name": "NotFoundError",
            "statusCode": 404,
            "message": "Page not found!",
            "stackTrace": "NotFoundError: Page not found!\n    at new NotFoundException (C:\\Data\\Project\\React\\TypeScriptServerExpressApp\\server\\shared\\exceptions\\http.exceptions.ts:19:22)\n    at pageNotFoundExceptionHandler (C:\\Data\\Project\\React\\TypeScriptServerExpressApp\\server\\shared\\middlewares\\page-not-found-exception-handler.middleware.ts:10:9)\n    at Layer.handle [as handle_request] (C:\\Data\\Project\\React\\TypeScriptServerExpressApp\\node_modules\\express\\lib\\router\\layer.js:95:5)\n    at trim_prefix (C:\\Data\\Project\\React\\TypeScriptServerExpressApp\\node_modules\\express\\lib\\router\\index.js:328:13)\n    at C:\\Data\\Project\\React\\TypeScriptServerExpressApp\\node_modules\\express\\lib\\router\\index.js:286:9\n    at param (C:\\Data\\Project\\React\\TypeScriptServerExpressApp\\node_modules\\express\\lib\\router\\index.js:365:14)\n    at param (C:\\Data\\Project\\React\\TypeScriptServerExpressApp\\node_modules\\express\\lib\\router\\index.js:376:14)\n    at Function.process_params (C:\\Data\\Project\\React\\TypeScriptServerExpressApp\\node_modules\\express\\lib\\router\\index.js:421:3)\n    at next (C:\\Data\\Project\\React\\TypeScriptServerExpressApp\\node_modules\\express\\lib\\router\\index.js:280:10)\n    at C:\\Data\\Project\\React\\TypeScriptServerExpressApp\\node_modules\\express\\lib\\router\\index.js:646:15"
        }
    }
}
{
    "level": "error",
    "logId": "d11b6cbe9c82f1b8b99e4c705e9a07d5",
    "timestamp": "Aug-04-2024 16:57:09",
    "appInfo": {
        "proccessId": 25080
    },
    "message": "Unable to retrieve data from DB!",
    "data": {
        "request": {
            "headers": {
                "host": "localhost:1001",
                "connection": "keep-alive",
                "sec-ch-ua": "\"Not/A)Brand\";v=\"8\", \"Chromium\";v=\"126\", \"Google Chrome\";v=\"126\"",
                "sec-ch-ua-mobile": "?0",
                "sec-ch-ua-platform": "\"Windows\"",
                "upgrade-insecure-requests": "1",
                "user-agent": "Mozilla/5.0 (Windows NT 10.0; Win64; x64) AppleWebKit/537.36 (KHTML, like Gecko) Chrome/126.0.0.0 Safari/537.36",
                "accept": "text/html,application/xhtml+xml,application/xml;q=0.9,image/avif,image/webp,image/apng,*/*;q=0.8,application/signed-exchange;v=b3;q=0.7",
                "sec-fetch-site": "none",
                "sec-fetch-mode": "navigate",
                "sec-fetch-user": "?1",
                "sec-fetch-dest": "document",
                "accept-encoding": "gzip, deflate, br, zstd",
                "accept-language": "en-US,en;q=0.9",
                "cookie": "__clerk_db_jwt=eyJhbGciOiJSUzI1NiIsInR5cCI6IkpXVCJ9.eyJkZXYiOiJkdmJfMmpZOE9RYW9Qb2pQNlZRdTg4WE0zdFZUVGJDIn0.DkV0d3T0kONQNQWUL7y6wVOU-Z_swRwpsK6j_9Zbunz1uFweijIgToOEQttjl9XOwQgzpMm9Z9z0zeo3558LlGXRhJXCVqxj7YTQEzbpgmW8ctjQHLx_pYzODTk_k0mkJZ-aI9UEYb6b6yq3z87gMxd8XXc9WNhP5mMcrj2ChUlSLALH0qfcH07qHITjS9mN98i356NEv6hWJqYg4eGMhRfuE33te1rbHamqZh5pwzOSrtp6BOVIF1ccCyGCE6fH5GctRXZ8MmaUzRJCn6sWmZxf4DR0lGjgP-0XfSvi92osvnPnsAcRzs5XUNtPd2HRSL9IJHKjYKG-868laZVJtg; __session=eyJhbGciOiJSUzI1NiIsImNhdCI6ImNsX0I3ZDRQRDExMUFBQSIsImtpZCI6Imluc18yaldRT2F2N0R4YmpBRHFnVFkwZXJRVFp6RkciLCJ0eXAiOiJKV1QifQ.eyJhenAiOiJodHRwOi8vbG9jYWxob3N0OjMwMDEiLCJleHAiOjE3MjE2MzA4MjIsImlhdCI6MTcyMTYzMDc2MiwiaXNzIjoiaHR0cHM6Ly9nZW50bGUta2luZ2Zpc2gtMzUuY2xlcmsuYWNjb3VudHMuZGV2IiwibmJmIjoxNzIxNjMwNzUyLCJzaWQiOiJzZXNzXzJqWUJJUlk0RXNZa3QxY3JXMWZhU3JIajFvMyIsInN1YiI6InVzZXJfMmpZOTVrMHJQMk5jNDdBbUVZdzJqUzc0dGJEIn0.3YUpclfOMRPjuvTXY4pTwjh1cLMbhA8lINxQ_5F6TXQ0ZttQiDDnSfSuw0VKmcDbz3UfiyFFwQElePcZ8qdmjnG0hlVVAIRSomZPbF8f8oyFkfXtctfG0B3XOqd6V7BF7aKZCjcGXMB_XftnQJkMmi7-IWuVtdMtS6byAAOwaKT-_9WI5n8zmOEoFEk3sUkfFr6qXs69EW52iKkq2M5zSkSs5aBewL8DKFFxfCceNEJQ_wotqbs-BW4E95Y70eYo9fYapksneB10NWGZ8fTHXbYwmlRqM68ZHBdoUFs-SZpBxrcibMyw9cqXZbBpCgwkHnurzG7VgrqE5b8y0Ok-0Q; __client_uat=1721554050; next-auth.callback-url=http%3A%2F%2Flocalhost%3A3000; next-auth.csrf-token=3a3f404bc03267f407934bde9c47596e966cd21f6bd7857ba4ea4de56b87e772%7Cdb9a8897bba66e0df099051ddbd193413fabcf1d46066290334b8240b2e3b981; next-auth.session-token=eyJhbGciOiJkaXIiLCJlbmMiOiJBMjU2R0NNIn0..etO7D576sf5kD46s.0fjvzeTPf3loD3jsoua_k90UMJ7tYak_gABStjTBGKPKX6gzn5U0x38vv4H31z9cZvJgqpZEQXgi07BLXiaPujyUWWhj_cR56Iz2wQZVhwHweiAOWqtykx_8IFss8ZdfuGBx0pxjonu0u7GjuDOhpBCjLXxzbLm7uutf-XBhbpiF57oRl1kpBpmp5S_oYlNvajPXw3RW1NzLpxNNUb_acxf3uhaoDuOcpyLkW8cSUDB7YNbOLhNKtXpQFJXL--r8oeq9FBZl9V-00jw-VVcH9nHbBR31aYsbDiEAZw-KQf64v3B3wisWeprOc9Xclj5cSyMMbRr-3twjknrJAfFQCwfDJKNWQB6JXdOY9E9OJadhBQz8zFlHDBoUwqDAZ3JRxkOWNLOhJGjqICHWE8xDld_coOzDQMRucKmZcK7yPiulxeko2VCPy9WjFku3IrGPvta4121v1QR05BqLWyMSQflezTourKyiZPwuHowMYHKVxmt96EEZKu1KI33JsWSaAaen2pTwRHR3n75J5VHvKY23DuvVJ-6OF3mJS0MYmV6IpgXaAiRuHK3eXbN0erxLRMVQshGj0L7c.rMgMwmUhK7x76QQLRGsRzg"
            },
            "host": "localhost:1001",
            "protocol": "http",
            "baseUrl": "",
            "url": "/_api/users/get_json",
            "method": "GET",
            "body": {},
            "params": {},
            "query": {},
            "clientIp": "::1",
            "requestDuration": "."
        },
        "response": {
            "headers": {
                "content-security-policy": "default-src 'self';base-uri 'self';font-src 'self' https: data:;form-action 'self';frame-ancestors 'self';img-src 'self' data:;object-src 'none';script-src 'self';script-src-attr 'none';style-src 'self' https: 'unsafe-inline';upgrade-insecure-requests",
                "cross-origin-opener-policy": "same-origin",
                "cross-origin-resource-policy": "cross-origin",
                "origin-agent-cluster": "?1",
                "referrer-policy": "no-referrer",
                "strict-transport-security": "max-age=15552000; includeSubDomains",
                "x-content-type-options": "nosniff",
                "x-dns-prefetch-control": "off",
                "x-download-options": "noopen",
                "x-frame-options": "SAMEORIGIN",
                "x-permitted-cross-domain-policies": "none",
                "x-xss-protection": "0",
                "access-control-allow-origin": "*"
            },
            "statusCode": 200
        },
        "error": {
            "name": "TypeError",
            "message": "Cannot read properties of null (reading 'default')",
            "stackTrace": "TypeError: Cannot read properties of null (reading 'default')\n    at C:\\Data\\Project\\React\\TypeScriptServerExpressApp\\server\\controllers\\mongoose\\base.controllers.ts:160:22\n    at Generator.next (<anonymous>)\n    at C:\\Data\\Project\\React\\TypeScriptServerExpressApp\\server\\controllers\\mongoose\\base.controllers.ts:8:71\n    at new Promise (<anonymous>)\n    at __awaiter (C:\\Data\\Project\\React\\TypeScriptServerExpressApp\\server\\controllers\\mongoose\\base.controllers.ts:4:12)\n    at C:\\Data\\Project\\React\\TypeScriptServerExpressApp\\server\\controllers\\mongoose\\base.controllers.ts:90:72\n    at asyncUtilWrap (C:\\Data\\Project\\React\\TypeScriptServerExpressApp\\node_modules\\express-async-handler\\index.js:3:20)\n    at Layer.handle [as handle_request] (C:\\Data\\Project\\React\\TypeScriptServerExpressApp\\node_modules\\express\\lib\\router\\layer.js:95:5)\n    at next (C:\\Data\\Project\\React\\TypeScriptServerExpressApp\\node_modules\\express\\lib\\router\\route.js:149:13)\n    at Route.dispatch (C:\\Data\\Project\\React\\TypeScriptServerExpressApp\\node_modules\\express\\lib\\router\\route.js:119:3)"
        }
    }
}
{
    "level": "error",
    "logId": "ce75aca7155458e392698ed1fc04232f",
    "timestamp": "Aug-04-2024 17:17:33",
    "appInfo": {
        "proccessId": 35264
    },
    "message": "Unable to retrieve data from DB!",
    "data": {
        "request": {
            "headers": {
                "host": "localhost:1001",
                "connection": "keep-alive",
                "sec-ch-ua": "\"Not/A)Brand\";v=\"8\", \"Chromium\";v=\"126\", \"Google Chrome\";v=\"126\"",
                "sec-ch-ua-mobile": "?0",
                "sec-ch-ua-platform": "\"Windows\"",
                "upgrade-insecure-requests": "1",
                "user-agent": "Mozilla/5.0 (Windows NT 10.0; Win64; x64) AppleWebKit/537.36 (KHTML, like Gecko) Chrome/126.0.0.0 Safari/537.36",
                "accept": "text/html,application/xhtml+xml,application/xml;q=0.9,image/avif,image/webp,image/apng,*/*;q=0.8,application/signed-exchange;v=b3;q=0.7",
                "sec-fetch-site": "none",
                "sec-fetch-mode": "navigate",
                "sec-fetch-user": "?1",
                "sec-fetch-dest": "document",
                "accept-encoding": "gzip, deflate, br, zstd",
                "accept-language": "en-US,en;q=0.9",
                "cookie": "__clerk_db_jwt=eyJhbGciOiJSUzI1NiIsInR5cCI6IkpXVCJ9.eyJkZXYiOiJkdmJfMmpZOE9RYW9Qb2pQNlZRdTg4WE0zdFZUVGJDIn0.DkV0d3T0kONQNQWUL7y6wVOU-Z_swRwpsK6j_9Zbunz1uFweijIgToOEQttjl9XOwQgzpMm9Z9z0zeo3558LlGXRhJXCVqxj7YTQEzbpgmW8ctjQHLx_pYzODTk_k0mkJZ-aI9UEYb6b6yq3z87gMxd8XXc9WNhP5mMcrj2ChUlSLALH0qfcH07qHITjS9mN98i356NEv6hWJqYg4eGMhRfuE33te1rbHamqZh5pwzOSrtp6BOVIF1ccCyGCE6fH5GctRXZ8MmaUzRJCn6sWmZxf4DR0lGjgP-0XfSvi92osvnPnsAcRzs5XUNtPd2HRSL9IJHKjYKG-868laZVJtg; __session=eyJhbGciOiJSUzI1NiIsImNhdCI6ImNsX0I3ZDRQRDExMUFBQSIsImtpZCI6Imluc18yaldRT2F2N0R4YmpBRHFnVFkwZXJRVFp6RkciLCJ0eXAiOiJKV1QifQ.eyJhenAiOiJodHRwOi8vbG9jYWxob3N0OjMwMDEiLCJleHAiOjE3MjE2MzA4MjIsImlhdCI6MTcyMTYzMDc2MiwiaXNzIjoiaHR0cHM6Ly9nZW50bGUta2luZ2Zpc2gtMzUuY2xlcmsuYWNjb3VudHMuZGV2IiwibmJmIjoxNzIxNjMwNzUyLCJzaWQiOiJzZXNzXzJqWUJJUlk0RXNZa3QxY3JXMWZhU3JIajFvMyIsInN1YiI6InVzZXJfMmpZOTVrMHJQMk5jNDdBbUVZdzJqUzc0dGJEIn0.3YUpclfOMRPjuvTXY4pTwjh1cLMbhA8lINxQ_5F6TXQ0ZttQiDDnSfSuw0VKmcDbz3UfiyFFwQElePcZ8qdmjnG0hlVVAIRSomZPbF8f8oyFkfXtctfG0B3XOqd6V7BF7aKZCjcGXMB_XftnQJkMmi7-IWuVtdMtS6byAAOwaKT-_9WI5n8zmOEoFEk3sUkfFr6qXs69EW52iKkq2M5zSkSs5aBewL8DKFFxfCceNEJQ_wotqbs-BW4E95Y70eYo9fYapksneB10NWGZ8fTHXbYwmlRqM68ZHBdoUFs-SZpBxrcibMyw9cqXZbBpCgwkHnurzG7VgrqE5b8y0Ok-0Q; __client_uat=1721554050; next-auth.callback-url=http%3A%2F%2Flocalhost%3A3000; next-auth.csrf-token=3a3f404bc03267f407934bde9c47596e966cd21f6bd7857ba4ea4de56b87e772%7Cdb9a8897bba66e0df099051ddbd193413fabcf1d46066290334b8240b2e3b981; next-auth.session-token=eyJhbGciOiJkaXIiLCJlbmMiOiJBMjU2R0NNIn0..etO7D576sf5kD46s.0fjvzeTPf3loD3jsoua_k90UMJ7tYak_gABStjTBGKPKX6gzn5U0x38vv4H31z9cZvJgqpZEQXgi07BLXiaPujyUWWhj_cR56Iz2wQZVhwHweiAOWqtykx_8IFss8ZdfuGBx0pxjonu0u7GjuDOhpBCjLXxzbLm7uutf-XBhbpiF57oRl1kpBpmp5S_oYlNvajPXw3RW1NzLpxNNUb_acxf3uhaoDuOcpyLkW8cSUDB7YNbOLhNKtXpQFJXL--r8oeq9FBZl9V-00jw-VVcH9nHbBR31aYsbDiEAZw-KQf64v3B3wisWeprOc9Xclj5cSyMMbRr-3twjknrJAfFQCwfDJKNWQB6JXdOY9E9OJadhBQz8zFlHDBoUwqDAZ3JRxkOWNLOhJGjqICHWE8xDld_coOzDQMRucKmZcK7yPiulxeko2VCPy9WjFku3IrGPvta4121v1QR05BqLWyMSQflezTourKyiZPwuHowMYHKVxmt96EEZKu1KI33JsWSaAaen2pTwRHR3n75J5VHvKY23DuvVJ-6OF3mJS0MYmV6IpgXaAiRuHK3eXbN0erxLRMVQshGj0L7c.rMgMwmUhK7x76QQLRGsRzg"
            },
            "host": "localhost:1001",
            "protocol": "http",
            "baseUrl": "",
            "url": "/_api1/products2/get_json",
            "method": "GET",
            "body": {},
            "params": {},
            "query": {},
            "clientIp": "::ffff:127.0.0.1",
            "requestDuration": "."
        },
        "response": {
            "headers": {
                "content-security-policy": "default-src 'self';base-uri 'self';font-src 'self' https: data:;form-action 'self';frame-ancestors 'self';img-src 'self' data:;object-src 'none';script-src 'self';script-src-attr 'none';style-src 'self' https: 'unsafe-inline';upgrade-insecure-requests",
                "cross-origin-opener-policy": "same-origin",
                "cross-origin-resource-policy": "cross-origin",
                "origin-agent-cluster": "?1",
                "referrer-policy": "no-referrer",
                "strict-transport-security": "max-age=15552000; includeSubDomains",
                "x-content-type-options": "nosniff",
                "x-dns-prefetch-control": "off",
                "x-download-options": "noopen",
                "x-frame-options": "SAMEORIGIN",
                "x-permitted-cross-domain-policies": "none",
                "x-xss-protection": "0",
                "access-control-allow-origin": "*"
            },
            "statusCode": 200
        },
        "error": {
            "name": "TypeError",
            "message": "Cannot read properties of undefined (reading 'findMany')",
            "stackTrace": "TypeError: Cannot read properties of undefined (reading 'findMany')\n    at C:\\Data\\Project\\React\\TypeScriptServerExpressApp\\server\\controllers\\typeorm\\base.controllers.ts:9:58\n    at Generator.next (<anonymous>)\n    at C:\\Data\\Project\\React\\TypeScriptServerExpressApp\\server\\controllers\\typeorm\\base.controllers.ts:8:71\n    at new Promise (<anonymous>)\n    at __awaiter (C:\\Data\\Project\\React\\TypeScriptServerExpressApp\\server\\controllers\\typeorm\\base.controllers.ts:4:12)\n    at C:\\Data\\Project\\React\\TypeScriptServerExpressApp\\server\\controllers\\typeorm\\base.controllers.ts:6:70\n    at asyncUtilWrap (C:\\Data\\Project\\React\\TypeScriptServerExpressApp\\node_modules\\express-async-handler\\index.js:3:20)\n    at Layer.handle [as handle_request] (C:\\Data\\Project\\React\\TypeScriptServerExpressApp\\node_modules\\express\\lib\\router\\layer.js:95:5)\n    at next (C:\\Data\\Project\\React\\TypeScriptServerExpressApp\\node_modules\\express\\lib\\router\\route.js:149:13)\n    at Route.dispatch (C:\\Data\\Project\\React\\TypeScriptServerExpressApp\\node_modules\\express\\lib\\router\\route.js:119:3)"
        }
    }
}
{
    "level": "error",
    "logId": "2de40a10e40f9cb5a8106f6737f9ead9",
    "timestamp": "Aug-04-2024 17:26:38",
    "appInfo": {
        "proccessId": 29580
    },
    "message": "Unable to retrieve data from DB!",
    "data": {
        "request": {
            "headers": {
                "host": "localhost:1001",
                "connection": "keep-alive",
                "sec-ch-ua": "\"Not/A)Brand\";v=\"8\", \"Chromium\";v=\"126\", \"Google Chrome\";v=\"126\"",
                "sec-ch-ua-mobile": "?0",
                "sec-ch-ua-platform": "\"Windows\"",
                "upgrade-insecure-requests": "1",
                "user-agent": "Mozilla/5.0 (Windows NT 10.0; Win64; x64) AppleWebKit/537.36 (KHTML, like Gecko) Chrome/126.0.0.0 Safari/537.36",
                "accept": "text/html,application/xhtml+xml,application/xml;q=0.9,image/avif,image/webp,image/apng,*/*;q=0.8,application/signed-exchange;v=b3;q=0.7",
                "sec-fetch-site": "none",
                "sec-fetch-mode": "navigate",
                "sec-fetch-user": "?1",
                "sec-fetch-dest": "document",
                "accept-encoding": "gzip, deflate, br, zstd",
                "accept-language": "en-US,en;q=0.9",
                "cookie": "__clerk_db_jwt=eyJhbGciOiJSUzI1NiIsInR5cCI6IkpXVCJ9.eyJkZXYiOiJkdmJfMmpZOE9RYW9Qb2pQNlZRdTg4WE0zdFZUVGJDIn0.DkV0d3T0kONQNQWUL7y6wVOU-Z_swRwpsK6j_9Zbunz1uFweijIgToOEQttjl9XOwQgzpMm9Z9z0zeo3558LlGXRhJXCVqxj7YTQEzbpgmW8ctjQHLx_pYzODTk_k0mkJZ-aI9UEYb6b6yq3z87gMxd8XXc9WNhP5mMcrj2ChUlSLALH0qfcH07qHITjS9mN98i356NEv6hWJqYg4eGMhRfuE33te1rbHamqZh5pwzOSrtp6BOVIF1ccCyGCE6fH5GctRXZ8MmaUzRJCn6sWmZxf4DR0lGjgP-0XfSvi92osvnPnsAcRzs5XUNtPd2HRSL9IJHKjYKG-868laZVJtg; __session=eyJhbGciOiJSUzI1NiIsImNhdCI6ImNsX0I3ZDRQRDExMUFBQSIsImtpZCI6Imluc18yaldRT2F2N0R4YmpBRHFnVFkwZXJRVFp6RkciLCJ0eXAiOiJKV1QifQ.eyJhenAiOiJodHRwOi8vbG9jYWxob3N0OjMwMDEiLCJleHAiOjE3MjE2MzA4MjIsImlhdCI6MTcyMTYzMDc2MiwiaXNzIjoiaHR0cHM6Ly9nZW50bGUta2luZ2Zpc2gtMzUuY2xlcmsuYWNjb3VudHMuZGV2IiwibmJmIjoxNzIxNjMwNzUyLCJzaWQiOiJzZXNzXzJqWUJJUlk0RXNZa3QxY3JXMWZhU3JIajFvMyIsInN1YiI6InVzZXJfMmpZOTVrMHJQMk5jNDdBbUVZdzJqUzc0dGJEIn0.3YUpclfOMRPjuvTXY4pTwjh1cLMbhA8lINxQ_5F6TXQ0ZttQiDDnSfSuw0VKmcDbz3UfiyFFwQElePcZ8qdmjnG0hlVVAIRSomZPbF8f8oyFkfXtctfG0B3XOqd6V7BF7aKZCjcGXMB_XftnQJkMmi7-IWuVtdMtS6byAAOwaKT-_9WI5n8zmOEoFEk3sUkfFr6qXs69EW52iKkq2M5zSkSs5aBewL8DKFFxfCceNEJQ_wotqbs-BW4E95Y70eYo9fYapksneB10NWGZ8fTHXbYwmlRqM68ZHBdoUFs-SZpBxrcibMyw9cqXZbBpCgwkHnurzG7VgrqE5b8y0Ok-0Q; __client_uat=1721554050; next-auth.callback-url=http%3A%2F%2Flocalhost%3A3000; next-auth.csrf-token=3a3f404bc03267f407934bde9c47596e966cd21f6bd7857ba4ea4de56b87e772%7Cdb9a8897bba66e0df099051ddbd193413fabcf1d46066290334b8240b2e3b981; next-auth.session-token=eyJhbGciOiJkaXIiLCJlbmMiOiJBMjU2R0NNIn0..etO7D576sf5kD46s.0fjvzeTPf3loD3jsoua_k90UMJ7tYak_gABStjTBGKPKX6gzn5U0x38vv4H31z9cZvJgqpZEQXgi07BLXiaPujyUWWhj_cR56Iz2wQZVhwHweiAOWqtykx_8IFss8ZdfuGBx0pxjonu0u7GjuDOhpBCjLXxzbLm7uutf-XBhbpiF57oRl1kpBpmp5S_oYlNvajPXw3RW1NzLpxNNUb_acxf3uhaoDuOcpyLkW8cSUDB7YNbOLhNKtXpQFJXL--r8oeq9FBZl9V-00jw-VVcH9nHbBR31aYsbDiEAZw-KQf64v3B3wisWeprOc9Xclj5cSyMMbRr-3twjknrJAfFQCwfDJKNWQB6JXdOY9E9OJadhBQz8zFlHDBoUwqDAZ3JRxkOWNLOhJGjqICHWE8xDld_coOzDQMRucKmZcK7yPiulxeko2VCPy9WjFku3IrGPvta4121v1QR05BqLWyMSQflezTourKyiZPwuHowMYHKVxmt96EEZKu1KI33JsWSaAaen2pTwRHR3n75J5VHvKY23DuvVJ-6OF3mJS0MYmV6IpgXaAiRuHK3eXbN0erxLRMVQshGj0L7c.rMgMwmUhK7x76QQLRGsRzg"
            },
            "host": "localhost:1001",
            "protocol": "http",
            "baseUrl": "",
            "url": "/_api1/getDashboardMatrix",
            "method": "GET",
            "body": {},
            "params": {},
            "query": {},
            "clientIp": "::1",
            "requestDuration": "."
        },
        "response": {
            "headers": {
                "content-security-policy": "default-src 'self';base-uri 'self';font-src 'self' https: data:;form-action 'self';frame-ancestors 'self';img-src 'self' data:;object-src 'none';script-src 'self';script-src-attr 'none';style-src 'self' https: 'unsafe-inline';upgrade-insecure-requests",
                "cross-origin-opener-policy": "same-origin",
                "cross-origin-resource-policy": "cross-origin",
                "origin-agent-cluster": "?1",
                "referrer-policy": "no-referrer",
                "strict-transport-security": "max-age=15552000; includeSubDomains",
                "x-content-type-options": "nosniff",
                "x-dns-prefetch-control": "off",
                "x-download-options": "noopen",
                "x-frame-options": "SAMEORIGIN",
                "x-permitted-cross-domain-policies": "none",
                "x-xss-protection": "0",
                "access-control-allow-origin": "*"
            },
            "statusCode": 404
        },
        "error": {
            "name": "NotFoundError",
            "statusCode": 404,
            "message": "Page not found!",
            "stackTrace": "NotFoundError: Page not found!\n    at new NotFoundException (C:\\Data\\Project\\React\\TypeScriptServerExpressApp\\server\\shared\\exceptions\\http.exceptions.ts:19:22)\n    at pageNotFoundExceptionHandler (C:\\Data\\Project\\React\\TypeScriptServerExpressApp\\server\\shared\\middlewares\\page-not-found-exception-handler.middleware.ts:10:9)\n    at Layer.handle [as handle_request] (C:\\Data\\Project\\React\\TypeScriptServerExpressApp\\node_modules\\express\\lib\\router\\layer.js:95:5)\n    at trim_prefix (C:\\Data\\Project\\React\\TypeScriptServerExpressApp\\node_modules\\express\\lib\\router\\index.js:328:13)\n    at C:\\Data\\Project\\React\\TypeScriptServerExpressApp\\node_modules\\express\\lib\\router\\index.js:286:9\n    at param (C:\\Data\\Project\\React\\TypeScriptServerExpressApp\\node_modules\\express\\lib\\router\\index.js:365:14)\n    at param (C:\\Data\\Project\\React\\TypeScriptServerExpressApp\\node_modules\\express\\lib\\router\\index.js:376:14)\n    at Function.process_params (C:\\Data\\Project\\React\\TypeScriptServerExpressApp\\node_modules\\express\\lib\\router\\index.js:421:3)\n    at next (C:\\Data\\Project\\React\\TypeScriptServerExpressApp\\node_modules\\express\\lib\\router\\index.js:280:10)\n    at C:\\Data\\Project\\React\\TypeScriptServerExpressApp\\node_modules\\express\\lib\\router\\index.js:646:15"
        }
    }
}
{
    "level": "error",
    "logId": "3697d33203b2dc9cbe17be1dcc8b41d5",
    "timestamp": "Aug-04-2024 17:27:41",
    "appInfo": {
        "proccessId": 29580
    },
    "message": "Unable to retrieve data from DB!",
    "data": {
        "request": {
            "headers": {
                "host": "localhost:1001",
                "connection": "keep-alive",
                "sec-ch-ua": "\"Not/A)Brand\";v=\"8\", \"Chromium\";v=\"126\", \"Google Chrome\";v=\"126\"",
                "sec-ch-ua-mobile": "?0",
                "sec-ch-ua-platform": "\"Windows\"",
                "upgrade-insecure-requests": "1",
                "user-agent": "Mozilla/5.0 (Windows NT 10.0; Win64; x64) AppleWebKit/537.36 (KHTML, like Gecko) Chrome/126.0.0.0 Safari/537.36",
                "accept": "text/html,application/xhtml+xml,application/xml;q=0.9,image/avif,image/webp,image/apng,*/*;q=0.8,application/signed-exchange;v=b3;q=0.7",
                "sec-fetch-site": "none",
                "sec-fetch-mode": "navigate",
                "sec-fetch-user": "?1",
                "sec-fetch-dest": "document",
                "accept-encoding": "gzip, deflate, br, zstd",
                "accept-language": "en-US,en;q=0.9",
                "cookie": "__clerk_db_jwt=eyJhbGciOiJSUzI1NiIsInR5cCI6IkpXVCJ9.eyJkZXYiOiJkdmJfMmpZOE9RYW9Qb2pQNlZRdTg4WE0zdFZUVGJDIn0.DkV0d3T0kONQNQWUL7y6wVOU-Z_swRwpsK6j_9Zbunz1uFweijIgToOEQttjl9XOwQgzpMm9Z9z0zeo3558LlGXRhJXCVqxj7YTQEzbpgmW8ctjQHLx_pYzODTk_k0mkJZ-aI9UEYb6b6yq3z87gMxd8XXc9WNhP5mMcrj2ChUlSLALH0qfcH07qHITjS9mN98i356NEv6hWJqYg4eGMhRfuE33te1rbHamqZh5pwzOSrtp6BOVIF1ccCyGCE6fH5GctRXZ8MmaUzRJCn6sWmZxf4DR0lGjgP-0XfSvi92osvnPnsAcRzs5XUNtPd2HRSL9IJHKjYKG-868laZVJtg; __session=eyJhbGciOiJSUzI1NiIsImNhdCI6ImNsX0I3ZDRQRDExMUFBQSIsImtpZCI6Imluc18yaldRT2F2N0R4YmpBRHFnVFkwZXJRVFp6RkciLCJ0eXAiOiJKV1QifQ.eyJhenAiOiJodHRwOi8vbG9jYWxob3N0OjMwMDEiLCJleHAiOjE3MjE2MzA4MjIsImlhdCI6MTcyMTYzMDc2MiwiaXNzIjoiaHR0cHM6Ly9nZW50bGUta2luZ2Zpc2gtMzUuY2xlcmsuYWNjb3VudHMuZGV2IiwibmJmIjoxNzIxNjMwNzUyLCJzaWQiOiJzZXNzXzJqWUJJUlk0RXNZa3QxY3JXMWZhU3JIajFvMyIsInN1YiI6InVzZXJfMmpZOTVrMHJQMk5jNDdBbUVZdzJqUzc0dGJEIn0.3YUpclfOMRPjuvTXY4pTwjh1cLMbhA8lINxQ_5F6TXQ0ZttQiDDnSfSuw0VKmcDbz3UfiyFFwQElePcZ8qdmjnG0hlVVAIRSomZPbF8f8oyFkfXtctfG0B3XOqd6V7BF7aKZCjcGXMB_XftnQJkMmi7-IWuVtdMtS6byAAOwaKT-_9WI5n8zmOEoFEk3sUkfFr6qXs69EW52iKkq2M5zSkSs5aBewL8DKFFxfCceNEJQ_wotqbs-BW4E95Y70eYo9fYapksneB10NWGZ8fTHXbYwmlRqM68ZHBdoUFs-SZpBxrcibMyw9cqXZbBpCgwkHnurzG7VgrqE5b8y0Ok-0Q; __client_uat=1721554050; next-auth.callback-url=http%3A%2F%2Flocalhost%3A3000; next-auth.csrf-token=3a3f404bc03267f407934bde9c47596e966cd21f6bd7857ba4ea4de56b87e772%7Cdb9a8897bba66e0df099051ddbd193413fabcf1d46066290334b8240b2e3b981; next-auth.session-token=eyJhbGciOiJkaXIiLCJlbmMiOiJBMjU2R0NNIn0..etO7D576sf5kD46s.0fjvzeTPf3loD3jsoua_k90UMJ7tYak_gABStjTBGKPKX6gzn5U0x38vv4H31z9cZvJgqpZEQXgi07BLXiaPujyUWWhj_cR56Iz2wQZVhwHweiAOWqtykx_8IFss8ZdfuGBx0pxjonu0u7GjuDOhpBCjLXxzbLm7uutf-XBhbpiF57oRl1kpBpmp5S_oYlNvajPXw3RW1NzLpxNNUb_acxf3uhaoDuOcpyLkW8cSUDB7YNbOLhNKtXpQFJXL--r8oeq9FBZl9V-00jw-VVcH9nHbBR31aYsbDiEAZw-KQf64v3B3wisWeprOc9Xclj5cSyMMbRr-3twjknrJAfFQCwfDJKNWQB6JXdOY9E9OJadhBQz8zFlHDBoUwqDAZ3JRxkOWNLOhJGjqICHWE8xDld_coOzDQMRucKmZcK7yPiulxeko2VCPy9WjFku3IrGPvta4121v1QR05BqLWyMSQflezTourKyiZPwuHowMYHKVxmt96EEZKu1KI33JsWSaAaen2pTwRHR3n75J5VHvKY23DuvVJ-6OF3mJS0MYmV6IpgXaAiRuHK3eXbN0erxLRMVQshGj0L7c.rMgMwmUhK7x76QQLRGsRzg"
            },
            "host": "localhost:1001",
            "protocol": "http",
            "baseUrl": "",
            "url": "/_api1/getProducts",
            "method": "GET",
            "body": {},
            "params": {},
            "query": {},
            "clientIp": "::1",
            "requestDuration": "."
        },
        "response": {
            "headers": {
                "content-security-policy": "default-src 'self';base-uri 'self';font-src 'self' https: data:;form-action 'self';frame-ancestors 'self';img-src 'self' data:;object-src 'none';script-src 'self';script-src-attr 'none';style-src 'self' https: 'unsafe-inline';upgrade-insecure-requests",
                "cross-origin-opener-policy": "same-origin",
                "cross-origin-resource-policy": "cross-origin",
                "origin-agent-cluster": "?1",
                "referrer-policy": "no-referrer",
                "strict-transport-security": "max-age=15552000; includeSubDomains",
                "x-content-type-options": "nosniff",
                "x-dns-prefetch-control": "off",
                "x-download-options": "noopen",
                "x-frame-options": "SAMEORIGIN",
                "x-permitted-cross-domain-policies": "none",
                "x-xss-protection": "0",
                "access-control-allow-origin": "*"
            },
            "statusCode": 404
        },
        "error": {
            "name": "NotFoundError",
            "statusCode": 404,
            "message": "Page not found!",
            "stackTrace": "NotFoundError: Page not found!\n    at new NotFoundException (C:\\Data\\Project\\React\\TypeScriptServerExpressApp\\server\\shared\\exceptions\\http.exceptions.ts:19:22)\n    at pageNotFoundExceptionHandler (C:\\Data\\Project\\React\\TypeScriptServerExpressApp\\server\\shared\\middlewares\\page-not-found-exception-handler.middleware.ts:10:9)\n    at Layer.handle [as handle_request] (C:\\Data\\Project\\React\\TypeScriptServerExpressApp\\node_modules\\express\\lib\\router\\layer.js:95:5)\n    at trim_prefix (C:\\Data\\Project\\React\\TypeScriptServerExpressApp\\node_modules\\express\\lib\\router\\index.js:328:13)\n    at C:\\Data\\Project\\React\\TypeScriptServerExpressApp\\node_modules\\express\\lib\\router\\index.js:286:9\n    at param (C:\\Data\\Project\\React\\TypeScriptServerExpressApp\\node_modules\\express\\lib\\router\\index.js:365:14)\n    at param (C:\\Data\\Project\\React\\TypeScriptServerExpressApp\\node_modules\\express\\lib\\router\\index.js:376:14)\n    at Function.process_params (C:\\Data\\Project\\React\\TypeScriptServerExpressApp\\node_modules\\express\\lib\\router\\index.js:421:3)\n    at next (C:\\Data\\Project\\React\\TypeScriptServerExpressApp\\node_modules\\express\\lib\\router\\index.js:280:10)\n    at C:\\Data\\Project\\React\\TypeScriptServerExpressApp\\node_modules\\express\\lib\\router\\index.js:646:15"
        }
    }
}
