{
    "level": "error",
    "logId": "0c4b3cdb001d319c1d5c53d409c66bcb",
    "timestamp": "Aug-05-2024 11:36:55",
    "appInfo": {
        "proccessId": 17480
    },
    "message": "Unable to retrieve data from DB!",
    "data": {
        "request": {
            "headers": {
                "host": "localhost:1001",
                "connection": "keep-alive",
                "sec-ch-ua": "\"Not/A)Brand\";v=\"8\", \"Chromium\";v=\"126\", \"Google Chrome\";v=\"126\"",
                "sec-ch-ua-mobile": "?0",
                "user-agent": "Mozilla/5.0 (Windows NT 10.0; Win64; x64) AppleWebKit/537.36 (KHTML, like Gecko) Chrome/126.0.0.0 Safari/537.36",
                "sec-ch-ua-platform": "\"Windows\"",
                "accept": "*/*",
                "origin": "http://localhost:3000",
                "sec-fetch-site": "same-site",
                "sec-fetch-mode": "cors",
                "sec-fetch-dest": "empty",
                "referer": "http://localhost:3000/",
                "accept-encoding": "gzip, deflate, br, zstd",
                "accept-language": "en-US,en;q=0.9"
            },
            "host": "localhost:1001",
            "protocol": "http",
            "baseUrl": "",
            "url": "/dashboard",
            "method": "GET",
            "body": {},
            "params": {},
            "query": {},
            "clientIp": "::1",
            "requestDuration": "."
        },
        "response": {
            "headers": {
                "content-security-policy": "default-src 'self';base-uri 'self';font-src 'self' https: data:;form-action 'self';frame-ancestors 'self';img-src 'self' data:;object-src 'none';script-src 'self';script-src-attr 'none';style-src 'self' https: 'unsafe-inline';upgrade-insecure-requests",
                "cross-origin-opener-policy": "same-origin",
                "cross-origin-resource-policy": "cross-origin",
                "origin-agent-cluster": "?1",
                "referrer-policy": "no-referrer",
                "strict-transport-security": "max-age=15552000; includeSubDomains",
                "x-content-type-options": "nosniff",
                "x-dns-prefetch-control": "off",
                "x-download-options": "noopen",
                "x-frame-options": "SAMEORIGIN",
                "x-permitted-cross-domain-policies": "none",
                "x-xss-protection": "0",
                "access-control-allow-origin": "*"
            },
            "statusCode": 404
        },
        "error": {
            "name": "NotFoundError",
            "statusCode": 404,
            "message": "Page not found!",
            "stackTrace": "NotFoundError: Page not found!\n    at new NotFoundException (C:\\Data\\Project\\React\\TypeScriptServerExpressApp\\server\\shared\\exceptions\\http.exceptions.ts:19:22)\n    at pageNotFoundExceptionHandler (C:\\Data\\Project\\React\\TypeScriptServerExpressApp\\server\\shared\\middlewares\\page-not-found-exception-handler.middleware.ts:10:9)\n    at Layer.handle [as handle_request] (C:\\Data\\Project\\React\\TypeScriptServerExpressApp\\node_modules\\express\\lib\\router\\layer.js:95:5)\n    at trim_prefix (C:\\Data\\Project\\React\\TypeScriptServerExpressApp\\node_modules\\express\\lib\\router\\index.js:328:13)\n    at C:\\Data\\Project\\React\\TypeScriptServerExpressApp\\node_modules\\express\\lib\\router\\index.js:286:9\n    at param (C:\\Data\\Project\\React\\TypeScriptServerExpressApp\\node_modules\\express\\lib\\router\\index.js:365:14)\n    at param (C:\\Data\\Project\\React\\TypeScriptServerExpressApp\\node_modules\\express\\lib\\router\\index.js:376:14)\n    at Function.process_params (C:\\Data\\Project\\React\\TypeScriptServerExpressApp\\node_modules\\express\\lib\\router\\index.js:421:3)\n    at next (C:\\Data\\Project\\React\\TypeScriptServerExpressApp\\node_modules\\express\\lib\\router\\index.js:280:10)\n    at jsonParser (C:\\Data\\Project\\React\\TypeScriptServerExpressApp\\node_modules\\body-parser\\lib\\types\\json.js:113:7)"
        }
    }
}
{
    "level": "error",
    "logId": "c50829f5c0e932b719f4ed8ec4077d65",
    "timestamp": "Aug-05-2024 11:39:14",
    "appInfo": {
        "proccessId": 17480
    },
    "message": "Unable to retrieve data from DB!",
    "data": {
        "request": {
            "headers": {
                "host": "localhost:1001",
                "connection": "keep-alive",
                "sec-ch-ua": "\"Not/A)Brand\";v=\"8\", \"Chromium\";v=\"126\", \"Google Chrome\";v=\"126\"",
                "sec-ch-ua-mobile": "?0",
                "user-agent": "Mozilla/5.0 (Windows NT 10.0; Win64; x64) AppleWebKit/537.36 (KHTML, like Gecko) Chrome/126.0.0.0 Safari/537.36",
                "sec-ch-ua-platform": "\"Windows\"",
                "accept": "*/*",
                "origin": "http://localhost:3000",
                "sec-fetch-site": "same-site",
                "sec-fetch-mode": "cors",
                "sec-fetch-dest": "empty",
                "referer": "http://localhost:3000/",
                "accept-encoding": "gzip, deflate, br, zstd",
                "accept-language": "en-US,en;q=0.9"
            },
            "host": "localhost:1001",
            "protocol": "http",
            "baseUrl": "",
            "url": "/dashboard",
            "method": "GET",
            "body": {},
            "params": {},
            "query": {},
            "clientIp": "::1",
            "requestDuration": "."
        },
        "response": {
            "headers": {
                "content-security-policy": "default-src 'self';base-uri 'self';font-src 'self' https: data:;form-action 'self';frame-ancestors 'self';img-src 'self' data:;object-src 'none';script-src 'self';script-src-attr 'none';style-src 'self' https: 'unsafe-inline';upgrade-insecure-requests",
                "cross-origin-opener-policy": "same-origin",
                "cross-origin-resource-policy": "cross-origin",
                "origin-agent-cluster": "?1",
                "referrer-policy": "no-referrer",
                "strict-transport-security": "max-age=15552000; includeSubDomains",
                "x-content-type-options": "nosniff",
                "x-dns-prefetch-control": "off",
                "x-download-options": "noopen",
                "x-frame-options": "SAMEORIGIN",
                "x-permitted-cross-domain-policies": "none",
                "x-xss-protection": "0",
                "access-control-allow-origin": "*"
            },
            "statusCode": 404
        },
        "error": {
            "name": "NotFoundError",
            "statusCode": 404,
            "message": "Page not found!",
            "stackTrace": "NotFoundError: Page not found!\n    at new NotFoundException (C:\\Data\\Project\\React\\TypeScriptServerExpressApp\\server\\shared\\exceptions\\http.exceptions.ts:19:22)\n    at pageNotFoundExceptionHandler (C:\\Data\\Project\\React\\TypeScriptServerExpressApp\\server\\shared\\middlewares\\page-not-found-exception-handler.middleware.ts:10:9)\n    at Layer.handle [as handle_request] (C:\\Data\\Project\\React\\TypeScriptServerExpressApp\\node_modules\\express\\lib\\router\\layer.js:95:5)\n    at trim_prefix (C:\\Data\\Project\\React\\TypeScriptServerExpressApp\\node_modules\\express\\lib\\router\\index.js:328:13)\n    at C:\\Data\\Project\\React\\TypeScriptServerExpressApp\\node_modules\\express\\lib\\router\\index.js:286:9\n    at param (C:\\Data\\Project\\React\\TypeScriptServerExpressApp\\node_modules\\express\\lib\\router\\index.js:365:14)\n    at param (C:\\Data\\Project\\React\\TypeScriptServerExpressApp\\node_modules\\express\\lib\\router\\index.js:376:14)\n    at Function.process_params (C:\\Data\\Project\\React\\TypeScriptServerExpressApp\\node_modules\\express\\lib\\router\\index.js:421:3)\n    at next (C:\\Data\\Project\\React\\TypeScriptServerExpressApp\\node_modules\\express\\lib\\router\\index.js:280:10)\n    at jsonParser (C:\\Data\\Project\\React\\TypeScriptServerExpressApp\\node_modules\\body-parser\\lib\\types\\json.js:113:7)"
        }
    }
}
